04-Oct-22 19:04:52 : Logger/logger.log; Import all contact from .csv;
05-Oct-22 09:43:15 : Logger/logger.log; Contact change;new contact;
05-Oct-22 09:43:15 : Logger/logger.log; Import all contact from .csv;
05-Oct-22 12:21:50 : Logger/logger.log; Contact change;new contact;
05-Oct-22 12:21:50 : Logger/logger.log; Import all contact from .csv;
05-Oct-22 12:29:44 : Logger/logger.log; Contact change;new contact;
05-Oct-22 12:29:44 : Logger/logger.log; Import all contact from .csv;
05-Oct-22 12:30:08 : Logger/logger.log; Contact change;new contact;
05-Oct-22 12:30:08 : Logger/logger.log; Import all contact from .csv;
05-Oct-22 12:49:17 : Logger/logger.log; Contact change;new contact;
05-Oct-22 12:49:17 : Logger/logger.log; Import all contact from .csv;
05-Oct-22 13:42:37 : {'surname': 'Р’Р°Р»РµС‚РѕРІ', 'name': 'РђРЅРґСЂРµР№', 'tel': '+375297009823', 'comment': 'С€СѓС‚РєР° РЅРѕРјРµСЂ'}; Create new contact;
05-Oct-22 13:47:56 : {'surname': 'Р“РёРєСЂР°РјРёРЅ', 'name': 'РђСЂС‚СѓСЂ', 'tel': '+71646432164', 'comment': 'С€СѓС‚РєР°'}; Create new contact;
05-Oct-22 16:42:40 : {'surname': 'РЎРёРґРѕСЂРѕРІ', 'name': 'РЎРёРґРѕСЂ', 'tel': '7777777', 'comment': 'СЃРёРґРѕСЂ'}; Create new contact;
05-Oct-22 16:45:52 : {'id': '10', 'surname': 'Cbljhjd', 'name': 'РЎРёРґРѕСЂ', 'tel': '777755', 'comment': 'С‡РІР°РІС‹'}; Create new contact;
05-Oct-22 17:29:15 : {'id': '11', 'surname': 'РџС‹Р¶РёРєРѕРІ', 'name': 'Р’Р°РґРёРј', 'tel': '5555555', 'description': 'С‡РёР¶РёРє РїС‹Р¶РёРє'}; Create new contact;
06-Oct-22 10:25:32; Export all contact in .json;
06-Oct-22 15:30:44; Export all contact in .csv;
06-Oct-22 15:31:58; Export all contact in .txt
06-Oct-22 15:34:51;Import all contact from .txt
06-Oct-22 16:48:29; Import all contact from .csv;
06-Oct-22 16:53:26; Import all contact from .csv;
06-Oct-22 16:53:39; Import all contact from .txt
06-Oct-22 16:54:18; Export all contact in .csv;
06-Oct-22 16:54:35; Export all contact in .json;
06-Oct-22 16:58:45; Export all contact in .json;
INFO:root:Started
INFO:root:Р”РµР»Р°С‚СЊ С‡С‚Рѕ-С‚Рѕ
INFO:root:Finished
INFO:logger:РџСЂРѕРёР·РѕС€Р»Рѕ С‡С‚Рѕ-С‚Рѕ РІР°Р¶РЅРѕРµ
ERROR:root:РџСЂРѕРёР·РѕС€Р»Рѕ С‡С‚Рѕ-С‚Рѕ РІР°Р¶РЅРѕРµ
РџСЂРѕРёР·РѕС€Р»Рѕ С‡С‚Рѕ-С‚Рѕ РІР°Р¶РЅРѕРµ
ERROR:root:РџСЂРѕРёР·РѕС€Р»Рѕ С‡С‚Рѕ-С‚Рѕ РІР°Р¶РЅРѕРµ
2022-10-06 17:35:06,587 - root - ERROR - РџСЂРѕРёР·РѕС€Р»Рѕ С‡С‚Рѕ-С‚Рѕ РІР°Р¶РЅРѕРµ
РџСЂРѕРёР·РѕС€Р»Рѕ С‡С‚Рѕ-С‚Рѕ РІР°Р¶РЅРѕРµ
2022-10-06 17:35:06,588 - root - ERROR - РџСЂРѕРёР·РѕС€Р»Рѕ С‡С‚Рѕ-С‚Рѕ РІР°Р¶РЅРѕРµ
РџСЂРѕРёР·РѕС€Р»Рѕ С‡С‚Рѕ-С‚Рѕ РІР°Р¶РЅРѕРµ
2022-10-06 17:36:10,255 - logger - ERROR - РџСЂРѕРёР·РѕС€Р»Рѕ С‡С‚Рѕ-С‚Рѕ РІР°Р¶РЅРѕРµ
2022-10-06 17:36:10,256 - logger - ERROR - РџСЂРѕРёР·РѕС€Р»Рѕ С‡С‚Рѕ-С‚Рѕ РІР°Р¶РЅРѕРµ
2022-10-06 17:37:54,680 - logger - ERROR - РџСЂРѕРёР·РѕС€Р»Рѕ С‡С‚Рѕ-С‚Рѕ РІР°Р¶РЅРѕРµ
2022-10-06 17:37:54,680 - logger - ERROR - РџСЂРѕРёР·РѕС€Р»Рѕ С‡С‚Рѕ-С‚Рѕ РІР°Р¶РЅРѕРµ
2022-10-06 18:11:33,334 - logger - ERROR - РџСЂРѕРёР·РѕС€Р»Рѕ С‡С‚Рѕ-С‚Рѕ РІР°Р¶РЅРѕРµ
2022-10-06 18:11:33,334 - logger - ERROR - РџСЂРѕРёР·РѕС€Р»Рѕ С‡С‚Рѕ-С‚Рѕ РІР°Р¶РЅРѕРµ
06-Oct-22 19:57:45 : {'id': 16, 'surname': 'РџРµС‚СЂРѕРІ', 'name': 'РїРµС‚СЂ', 'tel': '516564', 'description': 'РїСЂРёРІРµС‚'}; Create new contact;
06-Oct-22 20:32:54; Import all contact from .txt
06-Oct-22 20:33:04; Export all contact in .txt
06-Oct-22 20:39:00 : {'id': 16, 'surname': 'РџРµС‚СЂРѕРІ', 'name': 'РїРµС‚СЂ', 'tel': '516564', 'description': 'РїСЂРёРІРµС‚'}; Delete contact;
06-Oct-22 20:43:49 : {'id': 16, 'surname': 'РџРµС‚СЂРѕРІ', 'name': 'РїРµС‚СЂ', 'tel': '516564', 'description': 'РїСЂРёРІРµС‚'}; Delete contact;
06-Oct-22 21:03:11; Import all contact from .csv;
06-Oct-22 21:36:58; Import all contact from .txt
06-Oct-22 21:37:50; Export all contact in .csv;
06-Oct-22 21:38:00; Export all contact in .json;
06-Oct-22 21:41:35; Export all contact in .json;
06-Oct-22 23:47:44 : {'id': '16', 'surname': 'РџРµС‚СЂРѕРІ', 'name': 'РџРµС‚СЂ', 'tel': '516564', 'comment': 'РїСЂРёРІРµС‚'}; Delete contact;
07-Oct-22 00:38:20 : {'id': 17, 'surname': 'РљРѕСЂР»РµРІ', 'name': 'РљРёСЂРёР»', 'tel': '+654', 'comment': 'РЅРµС‚'}; Create new contact;
07-Oct-22 00:40:00 : {'id': 17, 'surname': 'РљРѕСЂР»РµРІ', 'name': 'РљРёСЂРёР»', 'tel': '+654', 'comment': 'РЅРµС‚'}; Delete contact;
07-Oct-22 01:03:11 : {'id': 18, 'surname': 'Р§РµСЂРЅС‹Р№', 'name': 'РџР°РЅРєСЂР°С‚', 'tel': '7854', 'comment': 'Р±РµР»С‹Р№'}; Create new contact;
07-Oct-22 01:12:53 : {'id': 11, 'surname': 'РџРµС‚СЂРѕРІ', 'name': 'РџРµС‚СЂ', 'tel': '123', 'description': 'РїСЂРёРІРµС‚ РџРµС‚СЂ'}; Contact change;new contact;
07-Oct-22 01:23:11 : {'id': 16, 'surname': 'РџРµС‚СЂРѕРІ', 'name': 'РџРµС‚СЂ', 'tel': '516564', 'description': 'РїСЂРёРІРµС‚ РџРµС‚СЂРѕ'}; Contact change;new contact;
07-Oct-22 01:24:43 : {'id': 16, 'surname': 'РџРµС‚СЂРѕРІ', 'name': 'РџРµС‚СЂ', 'tel': '516564', 'description': 'РїСЂРёРІРµС‚'}; Contact change;new contact;
07-Oct-22 01:28:05 : {'id': 16, 'surname': 'РџРµС‚СЂРѕРІ', 'name': 'РџРµС‚СЂ', 'tel': '516564', 'description': 'РїСЂРёРІРµС‚ РјРѕР№'}; Contact change;new contact;
07-Oct-22 01:29:25 : {'id': 17, 'surname': 'РљРѕСЂР»РµРІ', 'name': 'РљРёСЂРёР»', 'tel': '+654', 'description': 'РЅРµС‚'}; Delete contact;
07-Oct-22 12:42:46 INFO: Started
07-Oct-22 12:43:03 INFO: Finished
07-Oct-22 12:51:53 INFO: Started
07-Oct-22 12:54:15 INFO: Finished
07-Oct-22 12:54:25 INFO: Started
07-Oct-22 12:55:14 WARNING: ValueError
07-Oct-22 12:57:22 INFO: Finished
07-Oct-22 13:00:15 INFO: Started
07-Oct-22 13:00:23; Import all contact from .json
07-Oct-22 13:00:31; Import all contact from .csv;
07-Oct-22 13:05:00 INFO: Finished
07-Oct-22 13:05:04 INFO: Started
07-Oct-22 13:05:10; Import all contact from .csv;
07-Oct-22 13:05:16; Import all contact from .json
07-Oct-22 13:07:24; Export all contact in .json;
07-Oct-22 13:07:48; Export all contact in .csv;
07-Oct-22 13:16:45 INFO: Finished
14-Oct-22 17:01:56 INFO: Scheduler started
14-Oct-22 17:02:04 WARNING: Retrying (Retry(total=2, connect=None, read=None, redirect=None)) after connection broken by 'ConnectTimeoutError(<telegram.vendor.ptb_urllib3.urllib3.connectionpool.HTTPSConnectionPool object at 0x7fae88542d40>, 'Connect timed out. (connect timeout=5.0)')': /bot5697827418:AAGElt2Kgu_NzzG12L72_5xW-sUIV4R5hAc/getMe
14-Oct-22 17:02:24 INFO: Р’С‹Р±СЂР°РЅР° РѕРїС†РёСЏ Andrey: 3
14-Oct-22 17:09:01 INFO: Received signal 2 (SIGINT), stopping...
14-Oct-22 17:09:01 INFO: Scheduler has been shut down
14-Oct-22 17:09:11 INFO: Scheduler started
14-Oct-22 17:09:23 INFO: Р’С‹Р±СЂР°РЅР° РѕРїС†РёСЏ Andrey: 3
14-Oct-22 17:11:46 INFO: Received signal 2 (SIGINT), stopping...
14-Oct-22 17:11:46 INFO: Scheduler has been shut down
14-Oct-22 17:12:01 INFO: Scheduler started
14-Oct-22 17:12:08 INFO: Р’С‹Р±СЂР°РЅР° РѕРїС†РёСЏ Andrey: 3
14-Oct-22 17:12:35 INFO: Received signal 2 (SIGINT), stopping...
14-Oct-22 17:12:35 INFO: Scheduler has been shut down
15-Oct-22 18:41:19 INFO: Scheduler started
15-Oct-22 18:41:37 INFO: пїЅпїЅпїЅпїЅпїЅпїЅпїЅ пїЅпїЅпїЅпїЅпїЅ NezoideN: 1
15-Oct-22 18:41:44 INFO: пїЅпїЅпїЅпїЅпїЅпїЅпїЅ NezoideN: пїЅпїЅпїЅпїЅпїЅпїЅ
15-Oct-22 18:41:49 INFO: пїЅпїЅпїЅ NezoideN: пїЅпїЅпїЅпїЅпїЅпїЅ
15-Oct-22 18:41:57 INFO: пїЅпїЅпїЅпїЅпїЅ пїЅпїЅпїЅпїЅпїЅпїЅпїЅпїЅ NezoideN: 8905646565
15-Oct-22 18:42:10 INFO: пїЅпїЅпїЅпїЅпїЅпїЅпїЅпїЅпїЅпїЅпїЅ NezoideN: пїЅпїЅпїЅпїЅ
15-Oct-22 18:42:10 ERROR: No error handlers are registered, logging exception.
Traceback (most recent call last):
  File "C:\Users\xo4yw\AppData\Local\Programs\Python\Python310\lib\site-packages\telegram\ext\dispatcher.py", line 557, in process_update
    handler.handle_update(update, self, check, context)
  File "C:\Users\xo4yw\AppData\Local\Programs\Python\Python310\lib\site-packages\telegram\ext\conversationhandler.py", line 627, in handle_update
    new_state = handler.handle_update(update, dispatcher, check_result, context)
  File "C:\Users\xo4yw\AppData\Local\Programs\Python\Python310\lib\site-packages\telegram\ext\handler.py", line 199, in handle_update
    return self.callback(update, context)
  File "C:\Users\xo4yw\OneDrive\пїЅпїЅпїЅпїЅпїЅпїЅпїЅ пїЅпїЅпїЅпїЅ\HomePhyton\PhoneBook_TG\Telegram_phonebook\main.py", line 144, in create_comment
    create.write_json(person)
  File "C:\Users\xo4yw\OneDrive\пїЅпїЅпїЅпїЅпїЅпїЅпїЅ пїЅпїЅпїЅпїЅ\HomePhyton\PhoneBook_TG\Telegram_phonebook\create.py", line 33, in write_json
    last_id = int(data[len(data)-1]["id"])
IndexError: list index out of range
15-Oct-22 18:42:41 INFO: пїЅпїЅпїЅпїЅпїЅпїЅпїЅпїЅпїЅпїЅпїЅ NezoideN: /start
15-Oct-22 18:42:41 ERROR: No error handlers are registered, logging exception.
Traceback (most recent call last):
  File "C:\Users\xo4yw\AppData\Local\Programs\Python\Python310\lib\site-packages\telegram\ext\dispatcher.py", line 557, in process_update
    handler.handle_update(update, self, check, context)
  File "C:\Users\xo4yw\AppData\Local\Programs\Python\Python310\lib\site-packages\telegram\ext\conversationhandler.py", line 627, in handle_update
    new_state = handler.handle_update(update, dispatcher, check_result, context)
  File "C:\Users\xo4yw\AppData\Local\Programs\Python\Python310\lib\site-packages\telegram\ext\handler.py", line 199, in handle_update
    return self.callback(update, context)
  File "C:\Users\xo4yw\OneDrive\пїЅпїЅпїЅпїЅпїЅпїЅпїЅ пїЅпїЅпїЅпїЅ\HomePhyton\PhoneBook_TG\Telegram_phonebook\main.py", line 144, in create_comment
    create.write_json(person)
  File "C:\Users\xo4yw\OneDrive\пїЅпїЅпїЅпїЅпїЅпїЅпїЅ пїЅпїЅпїЅпїЅ\HomePhyton\PhoneBook_TG\Telegram_phonebook\create.py", line 33, in write_json
    last_id = int(data[len(data)-1]["id"])
IndexError: list index out of range
15-Oct-22 18:42:53 INFO: Received signal 2 (SIGINT), stopping...
15-Oct-22 18:42:53 INFO: Scheduler has been shut down
15-Oct-22 18:43:04 INFO: Scheduler started
15-Oct-22 18:43:13 INFO: пїЅпїЅпїЅпїЅпїЅпїЅпїЅ пїЅпїЅпїЅпїЅпїЅ NezoideN: 2
15-Oct-22 18:43:18 INFO: пїЅпїЅпїЅпїЅпїЅпїЅпїЅпїЅпїЅпїЅпїЅ NezoideN: пїЅпїЅ
15-Oct-22 18:43:18 ERROR: No error handlers are registered, logging exception.
Traceback (most recent call last):
  File "C:\Users\xo4yw\AppData\Local\Programs\Python\Python310\lib\site-packages\telegram\ext\dispatcher.py", line 557, in process_update
    handler.handle_update(update, self, check, context)
  File "C:\Users\xo4yw\AppData\Local\Programs\Python\Python310\lib\site-packages\telegram\ext\conversationhandler.py", line 627, in handle_update
    new_state = handler.handle_update(update, dispatcher, check_result, context)
  File "C:\Users\xo4yw\AppData\Local\Programs\Python\Python310\lib\site-packages\telegram\ext\handler.py", line 199, in handle_update
    return self.callback(update, context)
  File "C:\Users\xo4yw\OneDrive\пїЅпїЅпїЅпїЅпїЅпїЅпїЅ пїЅпїЅпїЅпїЅ\HomePhyton\PhoneBook_TG\Telegram_phonebook\main.py", line 161, in search_contact
    if check.check_directory():                                     #пїЅпїЅпїЅпїЅпїЅпїЅпїЅпїЅ пїЅпїЅ пїЅпїЅпїЅпїЅпїЅпїЅ пїЅпїЅ пїЅпїЅпїЅпїЅпїЅпїЅпїЅпїЅпїЅпїЅ
  File "C:\Users\xo4yw\OneDrive\пїЅпїЅпїЅпїЅпїЅпїЅпїЅ пїЅпїЅпїЅпїЅ\HomePhyton\PhoneBook_TG\Telegram_phonebook\check.py", line 26, in check_directory
    with open(dbFilename, 'r', encoding='utf-8') as file:
FileNotFoundError: [Errno 2] No such file or directory: 'DB_Directory\\phone_db_directory.json'
15-Oct-22 18:43:28 INFO: пїЅпїЅпїЅпїЅпїЅпїЅпїЅпїЅпїЅпїЅпїЅ NezoideN: 2
15-Oct-22 18:43:28 ERROR: No error handlers are registered, logging exception.
Traceback (most recent call last):
  File "C:\Users\xo4yw\AppData\Local\Programs\Python\Python310\lib\site-packages\telegram\ext\dispatcher.py", line 557, in process_update
    handler.handle_update(update, self, check, context)
  File "C:\Users\xo4yw\AppData\Local\Programs\Python\Python310\lib\site-packages\telegram\ext\conversationhandler.py", line 627, in handle_update
    new_state = handler.handle_update(update, dispatcher, check_result, context)
  File "C:\Users\xo4yw\AppData\Local\Programs\Python\Python310\lib\site-packages\telegram\ext\handler.py", line 199, in handle_update
    return self.callback(update, context)
  File "C:\Users\xo4yw\OneDrive\пїЅпїЅпїЅпїЅпїЅпїЅпїЅ пїЅпїЅпїЅпїЅ\HomePhyton\PhoneBook_TG\Telegram_phonebook\main.py", line 161, in search_contact
    if check.check_directory():                                     #пїЅпїЅпїЅпїЅпїЅпїЅпїЅпїЅ пїЅпїЅ пїЅпїЅпїЅпїЅпїЅпїЅ пїЅпїЅ пїЅпїЅпїЅпїЅпїЅпїЅпїЅпїЅпїЅпїЅ
  File "C:\Users\xo4yw\OneDrive\пїЅпїЅпїЅпїЅпїЅпїЅпїЅ пїЅпїЅпїЅпїЅ\HomePhyton\PhoneBook_TG\Telegram_phonebook\check.py", line 26, in check_directory
    with open(dbFilename, 'r', encoding='utf-8') as file:
FileNotFoundError: [Errno 2] No such file or directory: 'DB_Directory\\phone_db_directory.json'
15-Oct-22 18:43:31 INFO: пїЅпїЅпїЅпїЅпїЅпїЅпїЅпїЅпїЅпїЅпїЅ NezoideN: /start
15-Oct-22 18:43:31 ERROR: No error handlers are registered, logging exception.
Traceback (most recent call last):
  File "C:\Users\xo4yw\AppData\Local\Programs\Python\Python310\lib\site-packages\telegram\ext\dispatcher.py", line 557, in process_update
    handler.handle_update(update, self, check, context)
  File "C:\Users\xo4yw\AppData\Local\Programs\Python\Python310\lib\site-packages\telegram\ext\conversationhandler.py", line 627, in handle_update
    new_state = handler.handle_update(update, dispatcher, check_result, context)
  File "C:\Users\xo4yw\AppData\Local\Programs\Python\Python310\lib\site-packages\telegram\ext\handler.py", line 199, in handle_update
    return self.callback(update, context)
  File "C:\Users\xo4yw\OneDrive\пїЅпїЅпїЅпїЅпїЅпїЅпїЅ пїЅпїЅпїЅпїЅ\HomePhyton\PhoneBook_TG\Telegram_phonebook\main.py", line 161, in search_contact
    if check.check_directory():                                     #пїЅпїЅпїЅпїЅпїЅпїЅпїЅпїЅ пїЅпїЅ пїЅпїЅпїЅпїЅпїЅпїЅ пїЅпїЅ пїЅпїЅпїЅпїЅпїЅпїЅпїЅпїЅпїЅпїЅ
  File "C:\Users\xo4yw\OneDrive\пїЅпїЅпїЅпїЅпїЅпїЅпїЅ пїЅпїЅпїЅпїЅ\HomePhyton\PhoneBook_TG\Telegram_phonebook\check.py", line 26, in check_directory
    with open(dbFilename, 'r', encoding='utf-8') as file:
FileNotFoundError: [Errno 2] No such file or directory: 'DB_Directory\\phone_db_directory.json'
15-Oct-22 18:43:33 INFO: пїЅпїЅпїЅпїЅпїЅпїЅпїЅпїЅпїЅпїЅпїЅ NezoideN: /cancel
15-Oct-22 18:43:33 ERROR: No error handlers are registered, logging exception.
Traceback (most recent call last):
  File "C:\Users\xo4yw\AppData\Local\Programs\Python\Python310\lib\site-packages\telegram\ext\dispatcher.py", line 557, in process_update
    handler.handle_update(update, self, check, context)
  File "C:\Users\xo4yw\AppData\Local\Programs\Python\Python310\lib\site-packages\telegram\ext\conversationhandler.py", line 627, in handle_update
    new_state = handler.handle_update(update, dispatcher, check_result, context)
  File "C:\Users\xo4yw\AppData\Local\Programs\Python\Python310\lib\site-packages\telegram\ext\handler.py", line 199, in handle_update
    return self.callback(update, context)
  File "C:\Users\xo4yw\OneDrive\пїЅпїЅпїЅпїЅпїЅпїЅпїЅ пїЅпїЅпїЅпїЅ\HomePhyton\PhoneBook_TG\Telegram_phonebook\main.py", line 161, in search_contact
    if check.check_directory():                                     #пїЅпїЅпїЅпїЅпїЅпїЅпїЅпїЅ пїЅпїЅ пїЅпїЅпїЅпїЅпїЅпїЅ пїЅпїЅ пїЅпїЅпїЅпїЅпїЅпїЅпїЅпїЅпїЅпїЅ
  File "C:\Users\xo4yw\OneDrive\пїЅпїЅпїЅпїЅпїЅпїЅпїЅ пїЅпїЅпїЅпїЅ\HomePhyton\PhoneBook_TG\Telegram_phonebook\check.py", line 26, in check_directory
    with open(dbFilename, 'r', encoding='utf-8') as file:
FileNotFoundError: [Errno 2] No such file or directory: 'DB_Directory\\phone_db_directory.json'
15-Oct-22 18:43:34 INFO: пїЅпїЅпїЅпїЅпїЅпїЅпїЅпїЅпїЅпїЅпїЅ NezoideN: /start
15-Oct-22 18:43:34 ERROR: No error handlers are registered, logging exception.
Traceback (most recent call last):
  File "C:\Users\xo4yw\AppData\Local\Programs\Python\Python310\lib\site-packages\telegram\ext\dispatcher.py", line 557, in process_update
    handler.handle_update(update, self, check, context)
  File "C:\Users\xo4yw\AppData\Local\Programs\Python\Python310\lib\site-packages\telegram\ext\conversationhandler.py", line 627, in handle_update
    new_state = handler.handle_update(update, dispatcher, check_result, context)
  File "C:\Users\xo4yw\AppData\Local\Programs\Python\Python310\lib\site-packages\telegram\ext\handler.py", line 199, in handle_update
    return self.callback(update, context)
  File "C:\Users\xo4yw\OneDrive\пїЅпїЅпїЅпїЅпїЅпїЅпїЅ пїЅпїЅпїЅпїЅ\HomePhyton\PhoneBook_TG\Telegram_phonebook\main.py", line 161, in search_contact
    if check.check_directory():                                     #пїЅпїЅпїЅпїЅпїЅпїЅпїЅпїЅ пїЅпїЅ пїЅпїЅпїЅпїЅпїЅпїЅ пїЅпїЅ пїЅпїЅпїЅпїЅпїЅпїЅпїЅпїЅпїЅпїЅ
  File "C:\Users\xo4yw\OneDrive\пїЅпїЅпїЅпїЅпїЅпїЅпїЅ пїЅпїЅпїЅпїЅ\HomePhyton\PhoneBook_TG\Telegram_phonebook\check.py", line 26, in check_directory
    with open(dbFilename, 'r', encoding='utf-8') as file:
FileNotFoundError: [Errno 2] No such file or directory: 'DB_Directory\\phone_db_directory.json'
15-Oct-22 18:45:10 INFO: Received signal 2 (SIGINT), stopping...
15-Oct-22 18:45:10 INFO: Scheduler has been shut down
15-Oct-22 18:45:20 INFO: Scheduler started
15-Oct-22 18:45:31 INFO: пїЅпїЅпїЅпїЅпїЅпїЅпїЅ пїЅпїЅпїЅпїЅпїЅ NezoideN: 3
15-Oct-22 18:45:31 ERROR: No error handlers are registered, logging exception.
Traceback (most recent call last):
  File "C:\Users\xo4yw\AppData\Local\Programs\Python\Python310\lib\site-packages\telegram\ext\dispatcher.py", line 557, in process_update
    handler.handle_update(update, self, check, context)
  File "C:\Users\xo4yw\AppData\Local\Programs\Python\Python310\lib\site-packages\telegram\ext\conversationhandler.py", line 627, in handle_update
    new_state = handler.handle_update(update, dispatcher, check_result, context)
  File "C:\Users\xo4yw\AppData\Local\Programs\Python\Python310\lib\site-packages\telegram\ext\handler.py", line 199, in handle_update
    return self.callback(update, context)
  File "C:\Users\xo4yw\OneDrive\пїЅпїЅпїЅпїЅпїЅпїЅпїЅ пїЅпїЅпїЅпїЅ\HomePhyton\PhoneBook_TG\Telegram_phonebook\main.py", line 63, in phonebook_option
    update.message.reply_text(f'пїЅпїЅпїЅпїЅпїЅ пїЅпїЅпїЅпїЅпїЅпїЅпїЅпїЅпїЅ: {len(all_contacts)}')
TypeError: object of type 'NoneType' has no len()
15-Oct-22 18:57:25 INFO: пїЅпїЅпїЅпїЅпїЅпїЅпїЅпїЅпїЅпїЅпїЅпїЅ NezoideN пїЅпїЅпїЅпїЅпїЅпїЅпїЅпїЅ пїЅпїЅпїЅпїЅпїЅпїЅ пїЅпїЅ пїЅпїЅпїЅпїЅпїЅпїЅпїЅпїЅпїЅпїЅпїЅпїЅ.
15-Oct-22 18:57:36 INFO: пїЅпїЅпїЅпїЅпїЅпїЅпїЅ пїЅпїЅпїЅпїЅпїЅ NezoideN: 1
15-Oct-22 21:27:11 INFO: пїЅпїЅпїЅпїЅпїЅпїЅпїЅ NezoideN: /start
15-Oct-22 21:27:23 INFO: пїЅпїЅпїЅ NezoideN: /start
15-Oct-22 21:27:33 INFO: Received signal 2 (SIGINT), stopping...
15-Oct-22 21:27:33 INFO: Scheduler has been shut down
15-Oct-22 21:27:51 INFO: Scheduler started
15-Oct-22 21:28:10 INFO: пїЅпїЅпїЅпїЅпїЅпїЅпїЅ пїЅпїЅпїЅпїЅпїЅ NezoideN: 3
15-Oct-22 21:28:10 ERROR: No error handlers are registered, logging exception.
Traceback (most recent call last):
  File "C:\Users\xo4yw\AppData\Local\Programs\Python\Python310\lib\site-packages\telegram\ext\dispatcher.py", line 557, in process_update
    handler.handle_update(update, self, check, context)
  File "C:\Users\xo4yw\AppData\Local\Programs\Python\Python310\lib\site-packages\telegram\ext\conversationhandler.py", line 627, in handle_update
    new_state = handler.handle_update(update, dispatcher, check_result, context)
  File "C:\Users\xo4yw\AppData\Local\Programs\Python\Python310\lib\site-packages\telegram\ext\handler.py", line 199, in handle_update
    return self.callback(update, context)
  File "c:\Users\xo4yw\OneDrive\пїЅпїЅпїЅпїЅпїЅпїЅпїЅ пїЅпїЅпїЅпїЅ\HomePhyton\PhoneBook_TG\Telegram_phonebook\main.py", line 63, in phonebook_option
    update.message.reply_text(f'пїЅпїЅпїЅпїЅпїЅ пїЅпїЅпїЅпїЅпїЅпїЅпїЅпїЅпїЅ: {len(all_contacts)}')
TypeError: object of type 'NoneType' has no len()
15-Oct-22 21:28:59 INFO: Received signal 2 (SIGINT), stopping...
15-Oct-22 21:28:59 INFO: Scheduler has been shut down
15-Oct-22 21:34:17 INFO: Scheduler started
15-Oct-22 21:34:30 INFO: пїЅпїЅпїЅпїЅпїЅпїЅпїЅ пїЅпїЅпїЅпїЅпїЅ NezoideN: 3
15-Oct-22 21:34:30 ERROR: No error handlers are registered, logging exception.
Traceback (most recent call last):
  File "C:\Users\xo4yw\AppData\Local\Programs\Python\Python310\lib\site-packages\telegram\ext\dispatcher.py", line 557, in process_update
    handler.handle_update(update, self, check, context)
  File "C:\Users\xo4yw\AppData\Local\Programs\Python\Python310\lib\site-packages\telegram\ext\conversationhandler.py", line 627, in handle_update
    new_state = handler.handle_update(update, dispatcher, check_result, context)
  File "C:\Users\xo4yw\AppData\Local\Programs\Python\Python310\lib\site-packages\telegram\ext\handler.py", line 199, in handle_update
    return self.callback(update, context)
  File "C:\Users\xo4yw\OneDrive\пїЅпїЅпїЅпїЅпїЅпїЅпїЅ пїЅпїЅпїЅпїЅ\HomePhyton\PhoneBook_TG\Telegram_phonebook\main.py", line 63, in phonebook_option
    update.message.reply_text(f'пїЅпїЅпїЅпїЅпїЅ пїЅпїЅпїЅпїЅпїЅпїЅпїЅпїЅпїЅ: {len(all_contacts)}')
TypeError: object of type 'NoneType' has no len()
15-Oct-22 21:36:10 INFO: Received signal 2 (SIGINT), stopping...
15-Oct-22 21:36:10 INFO: Scheduler has been shut down
15-Oct-22 21:36:36 INFO: Scheduler started
15-Oct-22 21:36:47 INFO: пїЅпїЅпїЅпїЅпїЅпїЅпїЅ пїЅпїЅпїЅпїЅпїЅ NezoideN: 3
15-Oct-22 21:36:47 ERROR: No error handlers are registered, logging exception.
Traceback (most recent call last):
  File "C:\Users\xo4yw\AppData\Local\Programs\Python\Python310\lib\site-packages\telegram\ext\dispatcher.py", line 557, in process_update
    handler.handle_update(update, self, check, context)
  File "C:\Users\xo4yw\AppData\Local\Programs\Python\Python310\lib\site-packages\telegram\ext\conversationhandler.py", line 627, in handle_update
    new_state = handler.handle_update(update, dispatcher, check_result, context)
  File "C:\Users\xo4yw\AppData\Local\Programs\Python\Python310\lib\site-packages\telegram\ext\handler.py", line 199, in handle_update
    return self.callback(update, context)
  File "C:\Users\xo4yw\OneDrive\пїЅпїЅпїЅпїЅпїЅпїЅпїЅ пїЅпїЅпїЅпїЅ\HomePhyton\PhoneBook_TG\Telegram_phonebook\main.py", line 63, in phonebook_option
    update.message.reply_text(f'пїЅпїЅпїЅпїЅпїЅ пїЅпїЅпїЅпїЅпїЅпїЅпїЅпїЅпїЅ: {len(all_contacts)}')
TypeError: object of type 'NoneType' has no len()
15-Oct-22 21:40:25 INFO: пїЅпїЅпїЅпїЅпїЅпїЅпїЅпїЅпїЅпїЅпїЅпїЅ NezoideN пїЅпїЅпїЅпїЅпїЅпїЅпїЅпїЅ пїЅпїЅпїЅпїЅпїЅпїЅ пїЅпїЅ пїЅпїЅпїЅпїЅпїЅпїЅпїЅпїЅпїЅпїЅпїЅпїЅ.
15-Oct-22 21:40:31 INFO: пїЅпїЅпїЅпїЅпїЅпїЅпїЅ пїЅпїЅпїЅпїЅпїЅ NezoideN: 2
15-Oct-22 21:40:45 INFO: пїЅпїЅпїЅпїЅпїЅпїЅпїЅпїЅпїЅпїЅпїЅ NezoideN: пїЅпїЅпїЅ
15-Oct-22 21:40:45 ERROR: No error handlers are registered, logging exception.
Traceback (most recent call last):
  File "C:\Users\xo4yw\AppData\Local\Programs\Python\Python310\lib\site-packages\telegram\ext\dispatcher.py", line 557, in process_update
    handler.handle_update(update, self, check, context)
  File "C:\Users\xo4yw\AppData\Local\Programs\Python\Python310\lib\site-packages\telegram\ext\conversationhandler.py", line 627, in handle_update
    new_state = handler.handle_update(update, dispatcher, check_result, context)
  File "C:\Users\xo4yw\AppData\Local\Programs\Python\Python310\lib\site-packages\telegram\ext\handler.py", line 199, in handle_update
    return self.callback(update, context)
  File "C:\Users\xo4yw\OneDrive\пїЅпїЅпїЅпїЅпїЅпїЅпїЅ пїЅпїЅпїЅпїЅ\HomePhyton\PhoneBook_TG\Telegram_phonebook\main.py", line 161, in search_contact
    if check.check_directory():                                     #пїЅпїЅпїЅпїЅпїЅпїЅпїЅпїЅ пїЅпїЅ пїЅпїЅпїЅпїЅпїЅпїЅ пїЅпїЅ пїЅпїЅпїЅпїЅпїЅпїЅпїЅпїЅпїЅпїЅ
  File "C:\Users\xo4yw\OneDrive\пїЅпїЅпїЅпїЅпїЅпїЅпїЅ пїЅпїЅпїЅпїЅ\HomePhyton\PhoneBook_TG\Telegram_phonebook\check.py", line 26, in check_directory
    with open(dbFilename, 'r', encoding='utf-8') as file:
FileNotFoundError: [Errno 2] No such file or directory: 'DB_Directory\\phone_db_directory.json'
15-Oct-22 21:40:58 INFO: пїЅпїЅпїЅпїЅпїЅпїЅпїЅпїЅпїЅпїЅпїЅ NezoideN: пїЅпїЅпїЅпїЅпїЅ
15-Oct-22 21:40:58 ERROR: No error handlers are registered, logging exception.
Traceback (most recent call last):
  File "C:\Users\xo4yw\AppData\Local\Programs\Python\Python310\lib\site-packages\telegram\ext\dispatcher.py", line 557, in process_update
    handler.handle_update(update, self, check, context)
  File "C:\Users\xo4yw\AppData\Local\Programs\Python\Python310\lib\site-packages\telegram\ext\conversationhandler.py", line 627, in handle_update
    new_state = handler.handle_update(update, dispatcher, check_result, context)
  File "C:\Users\xo4yw\AppData\Local\Programs\Python\Python310\lib\site-packages\telegram\ext\handler.py", line 199, in handle_update
    return self.callback(update, context)
  File "C:\Users\xo4yw\OneDrive\пїЅпїЅпїЅпїЅпїЅпїЅпїЅ пїЅпїЅпїЅпїЅ\HomePhyton\PhoneBook_TG\Telegram_phonebook\main.py", line 161, in search_contact
    if check.check_directory():                                     #пїЅпїЅпїЅпїЅпїЅпїЅпїЅпїЅ пїЅпїЅ пїЅпїЅпїЅпїЅпїЅпїЅ пїЅпїЅ пїЅпїЅпїЅпїЅпїЅпїЅпїЅпїЅпїЅпїЅ
  File "C:\Users\xo4yw\OneDrive\пїЅпїЅпїЅпїЅпїЅпїЅпїЅ пїЅпїЅпїЅпїЅ\HomePhyton\PhoneBook_TG\Telegram_phonebook\check.py", line 26, in check_directory
    with open(dbFilename, 'r', encoding='utf-8') as file:
FileNotFoundError: [Errno 2] No such file or directory: 'DB_Directory\\phone_db_directory.json'
15-Oct-22 21:41:00 INFO: пїЅпїЅпїЅпїЅпїЅпїЅпїЅпїЅпїЅпїЅпїЅ NezoideN: 453
15-Oct-22 21:41:00 ERROR: No error handlers are registered, logging exception.
Traceback (most recent call last):
  File "C:\Users\xo4yw\AppData\Local\Programs\Python\Python310\lib\site-packages\telegram\ext\dispatcher.py", line 557, in process_update
    handler.handle_update(update, self, check, context)
  File "C:\Users\xo4yw\AppData\Local\Programs\Python\Python310\lib\site-packages\telegram\ext\conversationhandler.py", line 627, in handle_update
    new_state = handler.handle_update(update, dispatcher, check_result, context)
  File "C:\Users\xo4yw\AppData\Local\Programs\Python\Python310\lib\site-packages\telegram\ext\handler.py", line 199, in handle_update
    return self.callback(update, context)
  File "C:\Users\xo4yw\OneDrive\пїЅпїЅпїЅпїЅпїЅпїЅпїЅ пїЅпїЅпїЅпїЅ\HomePhyton\PhoneBook_TG\Telegram_phonebook\main.py", line 161, in search_contact
    if check.check_directory():                                     #пїЅпїЅпїЅпїЅпїЅпїЅпїЅпїЅ пїЅпїЅ пїЅпїЅпїЅпїЅпїЅпїЅ пїЅпїЅ пїЅпїЅпїЅпїЅпїЅпїЅпїЅпїЅпїЅпїЅ
  File "C:\Users\xo4yw\OneDrive\пїЅпїЅпїЅпїЅпїЅпїЅпїЅ пїЅпїЅпїЅпїЅ\HomePhyton\PhoneBook_TG\Telegram_phonebook\check.py", line 26, in check_directory
    with open(dbFilename, 'r', encoding='utf-8') as file:
FileNotFoundError: [Errno 2] No such file or directory: 'DB_Directory\\phone_db_directory.json'
15-Oct-22 21:41:10 INFO: пїЅпїЅпїЅпїЅпїЅпїЅпїЅпїЅпїЅпїЅпїЅ NezoideN: /cancel
15-Oct-22 21:41:10 ERROR: No error handlers are registered, logging exception.
Traceback (most recent call last):
  File "C:\Users\xo4yw\AppData\Local\Programs\Python\Python310\lib\site-packages\telegram\ext\dispatcher.py", line 557, in process_update
    handler.handle_update(update, self, check, context)
  File "C:\Users\xo4yw\AppData\Local\Programs\Python\Python310\lib\site-packages\telegram\ext\conversationhandler.py", line 627, in handle_update
    new_state = handler.handle_update(update, dispatcher, check_result, context)
  File "C:\Users\xo4yw\AppData\Local\Programs\Python\Python310\lib\site-packages\telegram\ext\handler.py", line 199, in handle_update
    return self.callback(update, context)
  File "C:\Users\xo4yw\OneDrive\пїЅпїЅпїЅпїЅпїЅпїЅпїЅ пїЅпїЅпїЅпїЅ\HomePhyton\PhoneBook_TG\Telegram_phonebook\main.py", line 161, in search_contact
    if check.check_directory():                                     #пїЅпїЅпїЅпїЅпїЅпїЅпїЅпїЅ пїЅпїЅ пїЅпїЅпїЅпїЅпїЅпїЅ пїЅпїЅ пїЅпїЅпїЅпїЅпїЅпїЅпїЅпїЅпїЅпїЅ
  File "C:\Users\xo4yw\OneDrive\пїЅпїЅпїЅпїЅпїЅпїЅпїЅ пїЅпїЅпїЅпїЅ\HomePhyton\PhoneBook_TG\Telegram_phonebook\check.py", line 26, in check_directory
    with open(dbFilename, 'r', encoding='utf-8') as file:
FileNotFoundError: [Errno 2] No such file or directory: 'DB_Directory\\phone_db_directory.json'
15-Oct-22 21:41:12 INFO: пїЅпїЅпїЅпїЅпїЅпїЅпїЅпїЅпїЅпїЅпїЅ NezoideN: /start
15-Oct-22 21:41:12 ERROR: No error handlers are registered, logging exception.
Traceback (most recent call last):
  File "C:\Users\xo4yw\AppData\Local\Programs\Python\Python310\lib\site-packages\telegram\ext\dispatcher.py", line 557, in process_update
    handler.handle_update(update, self, check, context)
  File "C:\Users\xo4yw\AppData\Local\Programs\Python\Python310\lib\site-packages\telegram\ext\conversationhandler.py", line 627, in handle_update
    new_state = handler.handle_update(update, dispatcher, check_result, context)
  File "C:\Users\xo4yw\AppData\Local\Programs\Python\Python310\lib\site-packages\telegram\ext\handler.py", line 199, in handle_update
    return self.callback(update, context)
  File "C:\Users\xo4yw\OneDrive\пїЅпїЅпїЅпїЅпїЅпїЅпїЅ пїЅпїЅпїЅпїЅ\HomePhyton\PhoneBook_TG\Telegram_phonebook\main.py", line 161, in search_contact
    if check.check_directory():                                     #пїЅпїЅпїЅпїЅпїЅпїЅпїЅпїЅ пїЅпїЅ пїЅпїЅпїЅпїЅпїЅпїЅ пїЅпїЅ пїЅпїЅпїЅпїЅпїЅпїЅпїЅпїЅпїЅпїЅ
  File "C:\Users\xo4yw\OneDrive\пїЅпїЅпїЅпїЅпїЅпїЅпїЅ пїЅпїЅпїЅпїЅ\HomePhyton\PhoneBook_TG\Telegram_phonebook\check.py", line 26, in check_directory
    with open(dbFilename, 'r', encoding='utf-8') as file:
FileNotFoundError: [Errno 2] No such file or directory: 'DB_Directory\\phone_db_directory.json'
15-Oct-22 21:41:18 INFO: пїЅпїЅпїЅпїЅпїЅпїЅпїЅпїЅпїЅпїЅпїЅ NezoideN: /cancel
15-Oct-22 21:41:18 ERROR: No error handlers are registered, logging exception.
Traceback (most recent call last):
  File "C:\Users\xo4yw\AppData\Local\Programs\Python\Python310\lib\site-packages\telegram\ext\dispatcher.py", line 557, in process_update
    handler.handle_update(update, self, check, context)
  File "C:\Users\xo4yw\AppData\Local\Programs\Python\Python310\lib\site-packages\telegram\ext\conversationhandler.py", line 627, in handle_update
    new_state = handler.handle_update(update, dispatcher, check_result, context)
  File "C:\Users\xo4yw\AppData\Local\Programs\Python\Python310\lib\site-packages\telegram\ext\handler.py", line 199, in handle_update
    return self.callback(update, context)
  File "C:\Users\xo4yw\OneDrive\пїЅпїЅпїЅпїЅпїЅпїЅпїЅ пїЅпїЅпїЅпїЅ\HomePhyton\PhoneBook_TG\Telegram_phonebook\main.py", line 161, in search_contact
    if check.check_directory():                                     #пїЅпїЅпїЅпїЅпїЅпїЅпїЅпїЅ пїЅпїЅ пїЅпїЅпїЅпїЅпїЅпїЅ пїЅпїЅ пїЅпїЅпїЅпїЅпїЅпїЅпїЅпїЅпїЅпїЅ
  File "C:\Users\xo4yw\OneDrive\пїЅпїЅпїЅпїЅпїЅпїЅпїЅ пїЅпїЅпїЅпїЅ\HomePhyton\PhoneBook_TG\Telegram_phonebook\check.py", line 26, in check_directory
    with open(dbFilename, 'r', encoding='utf-8') as file:
FileNotFoundError: [Errno 2] No such file or directory: 'DB_Directory\\phone_db_directory.json'
15-Oct-22 21:41:21 INFO: пїЅпїЅпїЅпїЅпїЅпїЅпїЅпїЅпїЅпїЅпїЅ NezoideN: /start
15-Oct-22 21:41:21 ERROR: No error handlers are registered, logging exception.
Traceback (most recent call last):
  File "C:\Users\xo4yw\AppData\Local\Programs\Python\Python310\lib\site-packages\telegram\ext\dispatcher.py", line 557, in process_update
    handler.handle_update(update, self, check, context)
  File "C:\Users\xo4yw\AppData\Local\Programs\Python\Python310\lib\site-packages\telegram\ext\conversationhandler.py", line 627, in handle_update
    new_state = handler.handle_update(update, dispatcher, check_result, context)
  File "C:\Users\xo4yw\AppData\Local\Programs\Python\Python310\lib\site-packages\telegram\ext\handler.py", line 199, in handle_update
    return self.callback(update, context)
  File "C:\Users\xo4yw\OneDrive\пїЅпїЅпїЅпїЅпїЅпїЅпїЅ пїЅпїЅпїЅпїЅ\HomePhyton\PhoneBook_TG\Telegram_phonebook\main.py", line 161, in search_contact
    if check.check_directory():                                     #пїЅпїЅпїЅпїЅпїЅпїЅпїЅпїЅ пїЅпїЅ пїЅпїЅпїЅпїЅпїЅпїЅ пїЅпїЅ пїЅпїЅпїЅпїЅпїЅпїЅпїЅпїЅпїЅпїЅ
  File "C:\Users\xo4yw\OneDrive\пїЅпїЅпїЅпїЅпїЅпїЅпїЅ пїЅпїЅпїЅпїЅ\HomePhyton\PhoneBook_TG\Telegram_phonebook\check.py", line 26, in check_directory
    with open(dbFilename, 'r', encoding='utf-8') as file:
FileNotFoundError: [Errno 2] No such file or directory: 'DB_Directory\ecto\phone_db_dirry.json'
15-Oct-22 21:41:24 INFO: Received signal 2 (SIGINT), stopping...
15-Oct-22 21:41:24 INFO: Scheduler has been shut down
15-Oct-22 21:43:34 INFO: Scheduler started
15-Oct-22 21:43:42 INFO: пїЅпїЅпїЅпїЅпїЅпїЅпїЅ пїЅпїЅпїЅпїЅпїЅ NezoideN: 3
15-Oct-22 21:43:58 INFO: пїЅпїЅпїЅпїЅпїЅпїЅпїЅ пїЅпїЅпїЅпїЅпїЅ NezoideN: 2
15-Oct-22 21:44:05 INFO: пїЅпїЅпїЅпїЅпїЅпїЅпїЅпїЅпїЅпїЅпїЅ NezoideN: пїЅпїЅпїЅпїЅпїЅпїЅ
15-Oct-22 21:48:27 INFO: Комментарий NezoideN: Корлев Кирил +654 нет
15-Oct-22 21:48:39 INFO: Комментарий NezoideN: 2
15-Oct-22 21:48:46 INFO: Комментарий NezoideN: 4
15-Oct-22 21:48:57 : {'id': 17, 'surname': 'РљРѕСЂР»РµРІ', 'name': 'РљРёСЂРёР»', 'tel': '+654', 'description': 'С‡СѓРІР°Рє'}; Contact change;new contact;
15-Oct-22 21:49:40 INFO: Пользователь NezoideN завершил работу со справочником.
15-Oct-22 21:49:52 INFO: Выбрана опция NezoideN: 2
15-Oct-22 21:50:04 INFO: Комментарий NezoideN: ПЕ
15-Oct-22 21:50:12 INFO: Комментарий NezoideN: Петров Петр 516564 привет
15-Oct-22 21:50:17 INFO: Комментарий NezoideN: 2
15-Oct-22 21:50:19 INFO: Комментарий NezoideN: 3
15-Oct-22 21:50:24 : {'id': 16, 'surname': 'РџРµС‚СЂРѕРІ', 'name': 'РџРµС‚СЂ', 'tel': '1235467', 'description': 'РїСЂРёРІРµС‚'}; Contact change;new contact;
15-Oct-22 22:17:05 INFO: Received signal 2 (SIGINT), stopping...
15-Oct-22 22:17:05 INFO: Scheduler has been shut down
